<?xml version="1.0" encoding="UTF-8"?>
<!-- Generated by org.testng.reporters.JUnitReportReporter -->
<testsuite skipped="9" hostname="DESKTOP-A63CIAT" name="com.testing.TestFile" tests="10" failures="0" timestamp="17 Mar 2020 18:02:59 GMT" time="0.020" errors="1">
  <testcase name="beforeMethod" time="0.000" classname="com.testing.TestFile">
    <error type="java.lang.IllegalStateException" message="The driver executable does not exist: D:\Selenium\Selenium Jars\chromedriver.exe">
      <![CDATA[java.lang.IllegalStateException: The driver executable does not exist: D:\Selenium\Selenium Jars\chromedriver.exe
	at com.google.common.base.Preconditions.checkState(Preconditions.java:199)
	at org.openqa.selenium.remote.service.DriverService.checkExecutable(DriverService.java:121)
	at org.openqa.selenium.remote.service.DriverService.findExecutable(DriverService.java:116)
	at org.openqa.selenium.chrome.ChromeDriverService.access$0(ChromeDriverService.java:1)
	at org.openqa.selenium.chrome.ChromeDriverService$Builder.findDefaultExecutable(ChromeDriverService.java:137)
	at org.openqa.selenium.remote.service.DriverService$Builder.build(DriverService.java:296)
	at org.openqa.selenium.chrome.ChromeDriverService.createDefaultService(ChromeDriverService.java:88)
	at org.openqa.selenium.chrome.ChromeDriver.<init>(ChromeDriver.java:116)
	at com.testing.PageFile.openBrowser(PageFile.java:26)
	at com.testing.TestFile.beforeMethod(TestFile.java:14)
	at sun.reflect.NativeMethodAccessorImpl.invoke0(Native Method)
	at sun.reflect.NativeMethodAccessorImpl.invoke(NativeMethodAccessorImpl.java:62)
	at sun.reflect.DelegatingMethodAccessorImpl.invoke(DelegatingMethodAccessorImpl.java:43)
	at java.lang.reflect.Method.invoke(Method.java:498)
	at org.testng.internal.MethodInvocationHelper.invokeMethod(MethodInvocationHelper.java:100)
	at org.testng.internal.Invoker.invokeConfigurationMethod(Invoker.java:515)
	at org.testng.internal.Invoker.invokeConfigurations(Invoker.java:216)
	at org.testng.internal.Invoker.invokeMethod(Invoker.java:590)
	at org.testng.internal.Invoker.invokeTestMethod(Invoker.java:811)
	at org.testng.internal.Invoker.invokeTestMethods(Invoker.java:1137)
	at org.testng.internal.TestMethodWorker.invokeTestMethods(TestMethodWorker.java:129)
	at org.testng.internal.TestMethodWorker.run(TestMethodWorker.java:112)
	at org.testng.TestRunner.privateRun(TestRunner.java:753)
	at org.testng.TestRunner.run(TestRunner.java:607)
	at org.testng.SuiteRunner.runTest(SuiteRunner.java:368)
	at org.testng.SuiteRunner.runSequentially(SuiteRunner.java:363)
	at org.testng.SuiteRunner.privateRun(SuiteRunner.java:321)
	at org.testng.SuiteRunner.run(SuiteRunner.java:270)
	at org.testng.SuiteRunnerWorker.runSuite(SuiteRunnerWorker.java:52)
	at org.testng.SuiteRunnerWorker.run(SuiteRunnerWorker.java:86)
	at org.testng.TestNG.runSuitesSequentially(TestNG.java:1284)
	at org.testng.TestNG.runSuitesLocally(TestNG.java:1209)
	at org.testng.TestNG.runSuites(TestNG.java:1124)
	at org.testng.TestNG.run(TestNG.java:1096)
	at org.testng.remote.AbstractRemoteTestNG.run(AbstractRemoteTestNG.java:132)
	at org.testng.remote.RemoteTestNG.initAndRun(RemoteTestNG.java:236)
	at org.testng.remote.RemoteTestNG.main(RemoteTestNG.java:81)
]]>
    </error>
  </testcase> <!-- beforeMethod -->
  <testcase name="invalidUser" time="0.003" classname="com.testing.TestFile">
    <skipped/>
  </testcase> <!-- invalidUser -->
  <testcase name="markAsUnread" time="0.000" classname="com.testing.TestFile">
    <skipped/>
  </testcase> <!-- markAsUnread -->
  <testcase name="login" time="0.004" classname="com.testing.TestFile">
    <skipped/>
  </testcase> <!-- login -->
  <testcase name="moveBackToInbox" time="0.002" classname="com.testing.TestFile">
    <skipped/>
  </testcase> <!-- moveBackToInbox -->
  <testcase name="countEmail" time="0.001" classname="com.testing.TestFile">
    <skipped/>
  </testcase> <!-- countEmail -->
  <testcase name="markAsRead" time="0.000" classname="com.testing.TestFile">
    <skipped/>
  </testcase> <!-- markAsRead -->
  <testcase name="invalidPwd" time="0.005" classname="com.testing.TestFile">
    <skipped/>
  </testcase> <!-- invalidPwd -->
  <testcase name="inboxEmails" time="0.003" classname="com.testing.TestFile">
    <skipped/>
  </testcase> <!-- inboxEmails -->
  <testcase name="moveToTrash" time="0.002" classname="com.testing.TestFile">
    <skipped/>
  </testcase> <!-- moveToTrash -->
</testsuite> <!-- com.testing.TestFile -->
